{"D:\\projects\\chat-app\\expo-env.d.ts": {"path":"D:\\projects\\chat-app\\expo-env.d.ts","statementMap":{},"fnMap":{},"branchMap":{},"s":{},"f":{},"b":{}}
,"D:\\projects\\chat-app\\jest.config.ts": {"path":"D:\\projects\\chat-app\\jest.config.ts","statementMap":{"0":{"start":{"line":3,"column":38},"end":{"line":22,"column":1}}},"fnMap":{},"branchMap":{},"s":{"0":0},"f":{},"b":{}}
,"D:\\projects\\chat-app\\jest.setup.ts": {"path":"D:\\projects\\chat-app\\jest.setup.ts","statementMap":{"0":{"start":{"line":4,"column":0},"end":{"line":8,"column":3}},"1":{"start":{"line":5,"column":21},"end":{"line":5,"column":60}},"2":{"start":{"line":6,"column":2},"end":{"line":6,"column":37}},"3":{"start":{"line":7,"column":2},"end":{"line":7,"column":20}},"4":{"start":{"line":10,"column":0},"end":{"line":10,"column":25}},"5":{"start":{"line":11,"column":0},"end":{"line":13,"column":2}},"6":{"start":{"line":12,"column":2},"end":{"line":12,"column":78}}},"fnMap":{"0":{"name":"(anonymous_0)","decl":{"start":{"line":4,"column":37},"end":{"line":4,"column":38}},"loc":{"start":{"line":4,"column":43},"end":{"line":8,"column":1}},"line":4},"1":{"name":"(anonymous_1)","decl":{"start":{"line":6,"column":28},"end":{"line":6,"column":29}},"loc":{"start":{"line":6,"column":34},"end":{"line":6,"column":36}},"line":6},"2":{"name":"(anonymous_2)","decl":{"start":{"line":11,"column":55},"end":{"line":11,"column":56}},"loc":{"start":{"line":12,"column":2},"end":{"line":12,"column":78}},"line":12}},"branchMap":{},"s":{"0":0,"1":0,"2":0,"3":0,"4":0,"5":0,"6":0},"f":{"0":0,"1":0,"2":0},"b":{}}
,"D:\\projects\\chat-app\\metro.config.js": {"path":"D:\\projects\\chat-app\\metro.config.js","statementMap":{"0":{"start":{"line":1,"column":29},"end":{"line":1,"column":57}},"1":{"start":{"line":2,"column":27},"end":{"line":2,"column":54}},"2":{"start":{"line":4,"column":15},"end":{"line":4,"column":42}},"3":{"start":{"line":6,"column":0},"end":{"line":6,"column":70}}},"fnMap":{},"branchMap":{},"s":{"0":0,"1":0,"2":0,"3":0},"f":{},"b":{}}
,"D:\\projects\\chat-app\\nativewind-env.d.ts": {"path":"D:\\projects\\chat-app\\nativewind-env.d.ts","statementMap":{},"fnMap":{},"branchMap":{},"s":{},"f":{},"b":{}}
,"D:\\projects\\chat-app\\tailwind.config.js": {"path":"D:\\projects\\chat-app\\tailwind.config.js","statementMap":{"0":{"start":{"line":2,"column":0},"end":{"line":19,"column":1}}},"fnMap":{},"branchMap":{},"s":{"0":0},"f":{},"b":{}}
,"D:\\projects\\chat-app\\.expo\\types\\router.d.ts": {"path":"D:\\projects\\chat-app\\.expo\\types\\router.d.ts","statementMap":{},"fnMap":{},"branchMap":{},"s":{},"f":{},"b":{}}
,"D:\\projects\\chat-app\\app\\_layout.tsx": {"path":"D:\\projects\\chat-app\\app\\_layout.tsx","statementMap":{"0":{"start":{"line":7,"column":20},"end":{"line":7,"column":37}},"1":{"start":{"line":10,"column":3},"end":{"line":18,"column":5}}},"fnMap":{"0":{"name":"RootLayout","decl":{"start":{"line":9,"column":24},"end":{"line":9,"column":34}},"loc":{"start":{"line":9,"column":37},"end":{"line":19,"column":1}},"line":9}},"branchMap":{},"s":{"0":0,"1":0},"f":{"0":0},"b":{}}
,"D:\\projects\\chat-app\\app\\config.ts": {"path":"D:\\projects\\chat-app\\app\\config.ts","statementMap":{"0":{"start":{"line":2,"column":22},"end":{"line":7,"column":1}}},"fnMap":{},"branchMap":{},"s":{"0":0},"f":{},"b":{}}
,"D:\\projects\\chat-app\\app\\index.tsx": {"path":"D:\\projects\\chat-app\\app\\index.tsx","statementMap":{"0":{"start":{"line":6,"column":2},"end":{"line":8,"column":4}}},"fnMap":{"0":{"name":"Index","decl":{"start":{"line":5,"column":24},"end":{"line":5,"column":29}},"loc":{"start":{"line":5,"column":32},"end":{"line":9,"column":1}},"line":5}},"branchMap":{},"s":{"0":0},"f":{"0":0},"b":{}}
,"D:\\projects\\chat-app\\app\\context\\context.tsx": {"path":"D:\\projects\\chat-app\\app\\context\\context.tsx","statementMap":{"0":{"start":{"line":7,"column":4},"end":{"line":11,"column":5}}},"fnMap":{"0":{"name":"Context","decl":{"start":{"line":6,"column":24},"end":{"line":6,"column":31}},"loc":{"start":{"line":6,"column":57},"end":{"line":12,"column":1}},"line":6}},"branchMap":{},"s":{"0":0},"f":{"0":0},"b":{}}
,"D:\\projects\\chat-app\\app\\context\\features\\authcontext.tsx": {"path":"D:\\projects\\chat-app\\app\\context\\features\\authcontext.tsx","statementMap":{"0":{"start":{"line":14,"column":27},"end":{"line":19,"column":2}},"1":{"start":{"line":21,"column":28},"end":{"line":29,"column":1}},"2":{"start":{"line":22,"column":28},"end":{"line":22,"column":54}},"3":{"start":{"line":23,"column":30},"end":{"line":23,"column":56}},"4":{"start":{"line":24,"column":3},"end":{"line":28,"column":4}}},"fnMap":{"0":{"name":"(anonymous_0)","decl":{"start":{"line":17,"column":14},"end":{"line":17,"column":15}},"loc":{"start":{"line":17,"column":20},"end":{"line":17,"column":22}},"line":17},"1":{"name":"(anonymous_1)","decl":{"start":{"line":18,"column":13},"end":{"line":18,"column":14}},"loc":{"start":{"line":18,"column":19},"end":{"line":18,"column":21}},"line":18},"2":{"name":"(anonymous_2)","decl":{"start":{"line":21,"column":28},"end":{"line":21,"column":29}},"loc":{"start":{"line":21,"column":63},"end":{"line":29,"column":1}},"line":21}},"branchMap":{},"s":{"0":0,"1":0,"2":0,"3":0,"4":0},"f":{"0":0,"1":0,"2":0},"b":{}}
,"D:\\projects\\chat-app\\app\\hooks\\api\\useFetch.ts": {"path":"D:\\projects\\chat-app\\app\\hooks\\api\\useFetch.ts","statementMap":{"0":{"start":{"line":8,"column":22},"end":{"line":12,"column":5}},"1":{"start":{"line":9,"column":23},"end":{"line":9,"column":92}},"2":{"start":{"line":10,"column":25},"end":{"line":10,"column":61}},"3":{"start":{"line":11,"column":8},"end":{"line":11,"column":29}},"4":{"start":{"line":14,"column":52},"end":{"line":17,"column":6}},"5":{"start":{"line":19,"column":4},"end":{"line":29,"column":40}},"6":{"start":{"line":20,"column":8},"end":{"line":22,"column":9}},"7":{"start":{"line":21,"column":12},"end":{"line":21,"column":48}},"8":{"start":{"line":23,"column":8},"end":{"line":25,"column":9}},"9":{"start":{"line":24,"column":12},"end":{"line":24,"column":55}},"10":{"start":{"line":26,"column":8},"end":{"line":28,"column":9}},"11":{"start":{"line":27,"column":12},"end":{"line":27,"column":45}},"12":{"start":{"line":31,"column":4},"end":{"line":31,"column":51}}},"fnMap":{"0":{"name":"useFetch","decl":{"start":{"line":6,"column":24},"end":{"line":6,"column":32}},"loc":{"start":{"line":6,"column":70},"end":{"line":32,"column":1}},"line":6},"1":{"name":"(anonymous_1)","decl":{"start":{"line":8,"column":22},"end":{"line":8,"column":23}},"loc":{"start":{"line":8,"column":45},"end":{"line":12,"column":5}},"line":8},"2":{"name":"(anonymous_2)","decl":{"start":{"line":19,"column":14},"end":{"line":19,"column":15}},"loc":{"start":{"line":19,"column":20},"end":{"line":29,"column":5}},"line":19}},"branchMap":{"0":{"loc":{"start":{"line":9,"column":23},"end":{"line":9,"column":92}},"type":"cond-expr","locations":[{"start":{"line":9,"column":31},"end":{"line":9,"column":80}},{"start":{"line":9,"column":83},"end":{"line":9,"column":92}}],"line":9},"1":{"loc":{"start":{"line":20,"column":8},"end":{"line":22,"column":9}},"type":"if","locations":[{"start":{"line":20,"column":8},"end":{"line":22,"column":9}},{"start":{},"end":{}}],"line":20},"2":{"loc":{"start":{"line":23,"column":8},"end":{"line":25,"column":9}},"type":"if","locations":[{"start":{"line":23,"column":8},"end":{"line":25,"column":9}},{"start":{},"end":{}}],"line":23},"3":{"loc":{"start":{"line":26,"column":8},"end":{"line":28,"column":9}},"type":"if","locations":[{"start":{"line":26,"column":8},"end":{"line":28,"column":9}},{"start":{},"end":{}}],"line":26}},"s":{"0":0,"1":0,"2":0,"3":0,"4":0,"5":0,"6":0,"7":0,"8":0,"9":0,"10":0,"11":0,"12":0},"f":{"0":0,"1":0,"2":0},"b":{"0":[0,0],"1":[0,0],"2":[0,0],"3":[0,0]}}
,"D:\\projects\\chat-app\\app\\hooks\\api\\usePost.ts": {"path":"D:\\projects\\chat-app\\app\\hooks\\api\\usePost.ts","statementMap":{"0":{"start":{"line":7,"column":21},"end":{"line":18,"column":6}},"1":{"start":{"line":9,"column":29},"end":{"line":9,"column":64}},"2":{"start":{"line":10,"column":12},"end":{"line":10,"column":33}},"3":{"start":{"line":13,"column":12},"end":{"line":13,"column":54}},"4":{"start":{"line":16,"column":12},"end":{"line":16,"column":48}},"5":{"start":{"line":20,"column":2},"end":{"line":20,"column":18}}},"fnMap":{"0":{"name":"usePost","decl":{"start":{"line":5,"column":24},"end":{"line":5,"column":31}},"loc":{"start":{"line":5,"column":54},"end":{"line":21,"column":1}},"line":5},"1":{"name":"(anonymous_1)","decl":{"start":{"line":8,"column":20},"end":{"line":8,"column":21}},"loc":{"start":{"line":8,"column":35},"end":{"line":11,"column":9}},"line":8},"2":{"name":"(anonymous_2)","decl":{"start":{"line":12,"column":19},"end":{"line":12,"column":20}},"loc":{"start":{"line":12,"column":29},"end":{"line":14,"column":9}},"line":12},"3":{"name":"(anonymous_3)","decl":{"start":{"line":15,"column":17},"end":{"line":15,"column":18}},"loc":{"start":{"line":15,"column":28},"end":{"line":17,"column":9}},"line":15}},"branchMap":{},"s":{"0":0,"1":0,"2":0,"3":0,"4":0,"5":0},"f":{"0":0,"1":0,"2":0,"3":0},"b":{}}
,"D:\\projects\\chat-app\\app\\hooks\\auth\\useAuth.ts": {"path":"D:\\projects\\chat-app\\app\\hooks\\auth\\useAuth.ts","statementMap":{"0":{"start":{"line":4,"column":23},"end":{"line":8,"column":1}},"1":{"start":{"line":5,"column":20},"end":{"line":5,"column":43}},"2":{"start":{"line":6,"column":4},"end":{"line":6,"column":79}},"3":{"start":{"line":6,"column":17},"end":{"line":6,"column":79}},"4":{"start":{"line":7,"column":3},"end":{"line":7,"column":18}}},"fnMap":{"0":{"name":"(anonymous_0)","decl":{"start":{"line":4,"column":23},"end":{"line":4,"column":24}},"loc":{"start":{"line":4,"column":28},"end":{"line":8,"column":1}},"line":4}},"branchMap":{"0":{"loc":{"start":{"line":6,"column":4},"end":{"line":6,"column":79}},"type":"if","locations":[{"start":{"line":6,"column":4},"end":{"line":6,"column":79}},{"start":{},"end":{}}],"line":6}},"s":{"0":0,"1":0,"2":0,"3":0,"4":0},"f":{"0":0},"b":{"0":[0,0]}}
,"D:\\projects\\chat-app\\app\\lib\\axiosInstance.ts": {"path":"D:\\projects\\chat-app\\app\\lib\\axiosInstance.ts","statementMap":{"0":{"start":{"line":3,"column":22},"end":{"line":11,"column":2}}},"fnMap":{},"branchMap":{},"s":{"0":0},"f":{},"b":{}}
,"D:\\projects\\chat-app\\app\\screenroute\\screenroute.ts": {"path":"D:\\projects\\chat-app\\app\\screenroute\\screenroute.ts","statementMap":{"0":{"start":{"line":1,"column":28},"end":{"line":22,"column":1}}},"fnMap":{},"branchMap":{},"s":{"0":0},"f":{},"b":{}}
,"D:\\projects\\chat-app\\app\\screens\\forgetpassword\\forgetpassword.tsx": {"path":"D:\\projects\\chat-app\\app\\screens\\forgetpassword\\forgetpassword.tsx","statementMap":{"0":{"start":{"line":12,"column":19},"end":{"line":12,"column":30}},"1":{"start":{"line":13,"column":61},"end":{"line":13,"column":92}},"2":{"start":{"line":14,"column":22},"end":{"line":16,"column":5}},"3":{"start":{"line":15,"column":8},"end":{"line":15,"column":33}},"4":{"start":{"line":17,"column":23},"end":{"line":19,"column":5}},"5":{"start":{"line":18,"column":8},"end":{"line":18,"column":43}},"6":{"start":{"line":20,"column":4},"end":{"line":58,"column":5}},"7":{"start":{"line":36,"column":24},"end":{"line":42,"column":26}}},"fnMap":{"0":{"name":"forgetPassword","decl":{"start":{"line":10,"column":24},"end":{"line":10,"column":38}},"loc":{"start":{"line":10,"column":41},"end":{"line":59,"column":1}},"line":10},"1":{"name":"(anonymous_1)","decl":{"start":{"line":14,"column":22},"end":{"line":14,"column":23}},"loc":{"start":{"line":14,"column":54},"end":{"line":16,"column":5}},"line":14},"2":{"name":"(anonymous_2)","decl":{"start":{"line":17,"column":23},"end":{"line":17,"column":24}},"loc":{"start":{"line":17,"column":29},"end":{"line":19,"column":5}},"line":17},"3":{"name":"(anonymous_3)","decl":{"start":{"line":35,"column":28},"end":{"line":35,"column":29}},"loc":{"start":{"line":36,"column":24},"end":{"line":42,"column":26}},"line":36}},"branchMap":{"0":{"loc":{"start":{"line":46,"column":17},"end":{"line":46,"column":103}},"type":"binary-expr","locations":[{"start":{"line":46,"column":17},"end":{"line":46,"column":29}},{"start":{"line":46,"column":33},"end":{"line":46,"column":103}}],"line":46}},"s":{"0":0,"1":0,"2":0,"3":0,"4":0,"5":0,"6":0,"7":0},"f":{"0":0,"1":0,"2":0,"3":0},"b":{"0":[0,0]}}
,"D:\\projects\\chat-app\\app\\screens\\login\\login.tsx": {"path":"D:\\projects\\chat-app\\app\\screens\\login\\login.tsx","statementMap":{"0":{"start":{"line":21,"column":16},"end":{"line":21,"column":17}},"1":{"start":{"line":22,"column":18},"end":{"line":24,"column":6}},"2":{"start":{"line":23,"column":8},"end":{"line":23,"column":41}},"3":{"start":{"line":26,"column":30},"end":{"line":26,"column":39}},"4":{"start":{"line":27,"column":17},"end":{"line":27,"column":36}},"5":{"start":{"line":29,"column":4},"end":{"line":29,"column":44}},"6":{"start":{"line":31,"column":45},"end":{"line":36,"column":6}},"7":{"start":{"line":38,"column":61},"end":{"line":44,"column":6}},"8":{"start":{"line":46,"column":19},"end":{"line":46,"column":30}},"9":{"start":{"line":48,"column":23},"end":{"line":50,"column":5}},"10":{"start":{"line":49,"column":8},"end":{"line":49,"column":53}},"11":{"start":{"line":52,"column":21},"end":{"line":57,"column":5}},"12":{"start":{"line":53,"column":7},"end":{"line":53,"column":23}},"13":{"start":{"line":53,"column":17},"end":{"line":53,"column":23}},"14":{"start":{"line":54,"column":7},"end":{"line":54,"column":21}},"15":{"start":{"line":55,"column":8},"end":{"line":55,"column":41}},"16":{"start":{"line":56,"column":7},"end":{"line":56,"column":32}},"17":{"start":{"line":59,"column":33},"end":{"line":61,"column":5}},"18":{"start":{"line":60,"column":6},"end":{"line":60,"column":59}},"19":{"start":{"line":63,"column":31},"end":{"line":72,"column":7}},"20":{"start":{"line":64,"column":23},"end":{"line":64,"column":58}},"21":{"start":{"line":65,"column":8},"end":{"line":65,"column":27}},"22":{"start":{"line":65,"column":20},"end":{"line":65,"column":27}},"23":{"start":{"line":66,"column":22},"end":{"line":66,"column":40}},"24":{"start":{"line":67,"column":8},"end":{"line":67,"column":23}},"25":{"start":{"line":68,"column":8},"end":{"line":71,"column":9}},"26":{"start":{"line":69,"column":12},"end":{"line":69,"column":37}},"27":{"start":{"line":76,"column":22},"end":{"line":76,"column":69}},"28":{"start":{"line":78,"column":4},"end":{"line":148,"column":5}},"29":{"start":{"line":91,"column":44},"end":{"line":91,"column":62}},"30":{"start":{"line":92,"column":46},"end":{"line":96,"column":27}},"31":{"start":{"line":93,"column":55},"end":{"line":93,"column":73}},"32":{"start":{"line":109,"column":24},"end":{"line":116,"column":26}},"33":{"start":{"line":126,"column":24},"end":{"line":132,"column":26}}},"fnMap":{"0":{"name":"Login","decl":{"start":{"line":18,"column":24},"end":{"line":18,"column":29}},"loc":{"start":{"line":18,"column":32},"end":{"line":149,"column":1}},"line":18},"1":{"name":"(anonymous_1)","decl":{"start":{"line":22,"column":36},"end":{"line":22,"column":37}},"loc":{"start":{"line":22,"column":52},"end":{"line":24,"column":5}},"line":22},"2":{"name":"(anonymous_2)","decl":{"start":{"line":48,"column":23},"end":{"line":48,"column":24}},"loc":{"start":{"line":48,"column":29},"end":{"line":50,"column":5}},"line":48},"3":{"name":"(anonymous_3)","decl":{"start":{"line":52,"column":21},"end":{"line":52,"column":22}},"loc":{"start":{"line":52,"column":42},"end":{"line":57,"column":5}},"line":52},"4":{"name":"(anonymous_4)","decl":{"start":{"line":59,"column":33},"end":{"line":59,"column":34}},"loc":{"start":{"line":59,"column":39},"end":{"line":61,"column":5}},"line":59},"5":{"name":"(anonymous_5)","decl":{"start":{"line":63,"column":31},"end":{"line":63,"column":32}},"loc":{"start":{"line":63,"column":57},"end":{"line":72,"column":7}},"line":63},"6":{"name":"(anonymous_6)","decl":{"start":{"line":91,"column":34},"end":{"line":91,"column":35}},"loc":{"start":{"line":91,"column":44},"end":{"line":91,"column":62}},"line":91},"7":{"name":"(anonymous_7)","decl":{"start":{"line":92,"column":32},"end":{"line":92,"column":33}},"loc":{"start":{"line":92,"column":46},"end":{"line":96,"column":27}},"line":92},"8":{"name":"(anonymous_8)","decl":{"start":{"line":93,"column":49},"end":{"line":93,"column":50}},"loc":{"start":{"line":93,"column":55},"end":{"line":93,"column":73}},"line":93},"9":{"name":"(anonymous_9)","decl":{"start":{"line":108,"column":28},"end":{"line":108,"column":29}},"loc":{"start":{"line":109,"column":24},"end":{"line":116,"column":26}},"line":109},"10":{"name":"(anonymous_10)","decl":{"start":{"line":125,"column":28},"end":{"line":125,"column":29}},"loc":{"start":{"line":126,"column":24},"end":{"line":132,"column":26}},"line":126}},"branchMap":{"0":{"loc":{"start":{"line":32,"column":21},"end":{"line":32,"column":54}},"type":"binary-expr","locations":[{"start":{"line":32,"column":21},"end":{"line":32,"column":48}},{"start":{"line":32,"column":52},"end":{"line":32,"column":54}}],"line":32},"1":{"loc":{"start":{"line":53,"column":7},"end":{"line":53,"column":23}},"type":"if","locations":[{"start":{"line":53,"column":7},"end":{"line":53,"column":23}},{"start":{},"end":{}}],"line":53},"2":{"loc":{"start":{"line":65,"column":8},"end":{"line":65,"column":27}},"type":"if","locations":[{"start":{"line":65,"column":8},"end":{"line":65,"column":27}},{"start":{},"end":{}}],"line":65},"3":{"loc":{"start":{"line":68,"column":8},"end":{"line":71,"column":9}},"type":"if","locations":[{"start":{"line":68,"column":8},"end":{"line":71,"column":9}},{"start":{},"end":{}}],"line":68},"4":{"loc":{"start":{"line":120,"column":17},"end":{"line":120,"column":103}},"type":"binary-expr","locations":[{"start":{"line":120,"column":17},"end":{"line":120,"column":29}},{"start":{"line":120,"column":33},"end":{"line":120,"column":103}}],"line":120},"5":{"loc":{"start":{"line":136,"column":17},"end":{"line":136,"column":109}},"type":"binary-expr","locations":[{"start":{"line":136,"column":17},"end":{"line":136,"column":32}},{"start":{"line":136,"column":36},"end":{"line":136,"column":109}}],"line":136}},"s":{"0":0,"1":0,"2":0,"3":0,"4":0,"5":0,"6":0,"7":0,"8":0,"9":0,"10":0,"11":0,"12":0,"13":0,"14":0,"15":0,"16":0,"17":0,"18":0,"19":0,"20":0,"21":0,"22":0,"23":0,"24":0,"25":0,"26":0,"27":0,"28":0,"29":0,"30":0,"31":0,"32":0,"33":0},"f":{"0":0,"1":0,"2":0,"3":0,"4":0,"5":0,"6":0,"7":0,"8":0,"9":0,"10":0},"b":{"0":[0,0],"1":[0,0],"2":[0,0],"3":[0,0],"4":[0,0],"5":[0,0]}}
,"D:\\projects\\chat-app\\app\\screens\\message\\message.tsx": {"path":"D:\\projects\\chat-app\\app\\screens\\message\\message.tsx","statementMap":{"0":{"start":{"line":5,"column":4},"end":{"line":10,"column":5}}},"fnMap":{"0":{"name":"Message","decl":{"start":{"line":4,"column":24},"end":{"line":4,"column":31}},"loc":{"start":{"line":4,"column":34},"end":{"line":11,"column":1}},"line":4}},"branchMap":{},"s":{"0":0},"f":{"0":0},"b":{}}
,"D:\\projects\\chat-app\\app\\screens\\onboarding\\onboarding.tsx": {"path":"D:\\projects\\chat-app\\app\\screens\\onboarding\\onboarding.tsx","statementMap":{"0":{"start":{"line":9,"column":19},"end":{"line":9,"column":30}},"1":{"start":{"line":11,"column":25},"end":{"line":13,"column":5}},"2":{"start":{"line":12,"column":8},"end":{"line":12,"column":45}},"3":{"start":{"line":15,"column":25},"end":{"line":17,"column":5}},"4":{"start":{"line":16,"column":8},"end":{"line":16,"column":43}},"5":{"start":{"line":19,"column":16},"end":{"line":19,"column":17}},"6":{"start":{"line":20,"column":18},"end":{"line":22,"column":6}},"7":{"start":{"line":21,"column":8},"end":{"line":21,"column":41}},"8":{"start":{"line":24,"column":4},"end":{"line":61,"column":5}},"9":{"start":{"line":38,"column":44},"end":{"line":38,"column":62}},"10":{"start":{"line":39,"column":46},"end":{"line":41,"column":27}}},"fnMap":{"0":{"name":"OnBoarding","decl":{"start":{"line":7,"column":24},"end":{"line":7,"column":34}},"loc":{"start":{"line":7,"column":37},"end":{"line":62,"column":1}},"line":7},"1":{"name":"(anonymous_1)","decl":{"start":{"line":11,"column":25},"end":{"line":11,"column":26}},"loc":{"start":{"line":11,"column":31},"end":{"line":13,"column":5}},"line":11},"2":{"name":"(anonymous_2)","decl":{"start":{"line":15,"column":25},"end":{"line":15,"column":26}},"loc":{"start":{"line":15,"column":31},"end":{"line":17,"column":5}},"line":15},"3":{"name":"(anonymous_3)","decl":{"start":{"line":20,"column":36},"end":{"line":20,"column":37}},"loc":{"start":{"line":20,"column":52},"end":{"line":22,"column":5}},"line":20},"4":{"name":"(anonymous_4)","decl":{"start":{"line":38,"column":34},"end":{"line":38,"column":35}},"loc":{"start":{"line":38,"column":44},"end":{"line":38,"column":62}},"line":38},"5":{"name":"(anonymous_5)","decl":{"start":{"line":39,"column":32},"end":{"line":39,"column":33}},"loc":{"start":{"line":39,"column":46},"end":{"line":41,"column":27}},"line":39}},"branchMap":{},"s":{"0":7,"1":0,"2":0,"3":0,"4":0,"5":0,"6":0,"7":0,"8":0,"9":0,"10":0},"f":{"0":7,"1":0,"2":0,"3":0,"4":0,"5":0},"b":{},"_coverageSchema":"1a1c01bbd47fc00a2c39e90264f33305004495a9","hash":"c9ee72151bd435c2a8d08b9df8823723561072e7"}
,"D:\\projects\\chat-app\\app\\screens\\signup\\signup.tsx": {"path":"D:\\projects\\chat-app\\app\\screens\\signup\\signup.tsx","statementMap":{"0":{"start":{"line":12,"column":18},"end":{"line":12,"column":29}},"1":{"start":{"line":14,"column":29},"end":{"line":14,"column":38}},"2":{"start":{"line":15,"column":16},"end":{"line":15,"column":42}},"3":{"start":{"line":17,"column":60},"end":{"line":24,"column":5}},"4":{"start":{"line":26,"column":22},"end":{"line":28,"column":4}},"5":{"start":{"line":27,"column":6},"end":{"line":27,"column":51}},"6":{"start":{"line":30,"column":20},"end":{"line":35,"column":4}},"7":{"start":{"line":31,"column":6},"end":{"line":31,"column":22}},"8":{"start":{"line":31,"column":16},"end":{"line":31,"column":22}},"9":{"start":{"line":32,"column":8},"end":{"line":32,"column":22}},"10":{"start":{"line":33,"column":8},"end":{"line":33,"column":44}},"11":{"start":{"line":34,"column":6},"end":{"line":34,"column":41}},"12":{"start":{"line":37,"column":3},"end":{"line":132,"column":4}},"13":{"start":{"line":53,"column":18},"end":{"line":58,"column":20}},"14":{"start":{"line":72,"column":18},"end":{"line":77,"column":20}},"15":{"start":{"line":92,"column":18},"end":{"line":97,"column":20}},"16":{"start":{"line":112,"column":18},"end":{"line":116,"column":20}}},"fnMap":{"0":{"name":"Signup","decl":{"start":{"line":10,"column":24},"end":{"line":10,"column":30}},"loc":{"start":{"line":10,"column":33},"end":{"line":133,"column":1}},"line":10},"1":{"name":"(anonymous_1)","decl":{"start":{"line":26,"column":22},"end":{"line":26,"column":23}},"loc":{"start":{"line":26,"column":28},"end":{"line":28,"column":4}},"line":26},"2":{"name":"(anonymous_2)","decl":{"start":{"line":30,"column":20},"end":{"line":30,"column":21}},"loc":{"start":{"line":30,"column":47},"end":{"line":35,"column":4}},"line":30},"3":{"name":"(anonymous_3)","decl":{"start":{"line":52,"column":23},"end":{"line":52,"column":24}},"loc":{"start":{"line":53,"column":18},"end":{"line":58,"column":20}},"line":53},"4":{"name":"(anonymous_4)","decl":{"start":{"line":71,"column":23},"end":{"line":71,"column":24}},"loc":{"start":{"line":72,"column":18},"end":{"line":77,"column":20}},"line":72},"5":{"name":"(anonymous_5)","decl":{"start":{"line":91,"column":23},"end":{"line":91,"column":24}},"loc":{"start":{"line":92,"column":18},"end":{"line":97,"column":20}},"line":92},"6":{"name":"(anonymous_6)","decl":{"start":{"line":111,"column":23},"end":{"line":111,"column":24}},"loc":{"start":{"line":112,"column":18},"end":{"line":116,"column":20}},"line":112}},"branchMap":{"0":{"loc":{"start":{"line":31,"column":6},"end":{"line":31,"column":22}},"type":"if","locations":[{"start":{"line":31,"column":6},"end":{"line":31,"column":22}},{"start":{},"end":{}}],"line":31},"1":{"loc":{"start":{"line":66,"column":15},"end":{"line":66,"column":101}},"type":"binary-expr","locations":[{"start":{"line":66,"column":15},"end":{"line":66,"column":30}},{"start":{"line":66,"column":34},"end":{"line":66,"column":101}}],"line":66},"2":{"loc":{"start":{"line":86,"column":15},"end":{"line":86,"column":99}},"type":"binary-expr","locations":[{"start":{"line":86,"column":15},"end":{"line":86,"column":27}},{"start":{"line":86,"column":31},"end":{"line":86,"column":99}}],"line":86},"3":{"loc":{"start":{"line":106,"column":15},"end":{"line":106,"column":112}},"type":"binary-expr","locations":[{"start":{"line":106,"column":15},"end":{"line":106,"column":37}},{"start":{"line":106,"column":41},"end":{"line":106,"column":112}}],"line":106},"4":{"loc":{"start":{"line":125,"column":15},"end":{"line":125,"column":113}},"type":"binary-expr","locations":[{"start":{"line":125,"column":15},"end":{"line":125,"column":30}},{"start":{"line":125,"column":34},"end":{"line":125,"column":113}}],"line":125}},"s":{"0":0,"1":0,"2":0,"3":0,"4":0,"5":0,"6":0,"7":0,"8":0,"9":0,"10":0,"11":0,"12":0,"13":0,"14":0,"15":0,"16":0},"f":{"0":0,"1":0,"2":0,"3":0,"4":0,"5":0,"6":0},"b":{"0":[0,0],"1":[0,0],"2":[0,0],"3":[0,0],"4":[0,0]}}
,"D:\\projects\\chat-app\\app\\screens\\splash\\splash.tsx": {"path":"D:\\projects\\chat-app\\app\\screens\\splash\\splash.tsx","statementMap":{"0":{"start":{"line":8,"column":40},"end":{"line":8,"column":55}},"1":{"start":{"line":10,"column":19},"end":{"line":10,"column":30}},"2":{"start":{"line":12,"column":4},"end":{"line":25,"column":10}},"3":{"start":{"line":13,"column":24},"end":{"line":15,"column":16}},"4":{"start":{"line":14,"column":12},"end":{"line":14,"column":32}},"5":{"start":{"line":17,"column":21},"end":{"line":20,"column":16}},"6":{"start":{"line":18,"column":12},"end":{"line":18,"column":58}},"7":{"start":{"line":21,"column":8},"end":{"line":24,"column":10}},"8":{"start":{"line":22,"column":12},"end":{"line":22,"column":33}},"9":{"start":{"line":23,"column":12},"end":{"line":23,"column":30}},"10":{"start":{"line":26,"column":4},"end":{"line":37,"column":5}}},"fnMap":{"0":{"name":"Splash","decl":{"start":{"line":7,"column":24},"end":{"line":7,"column":30}},"loc":{"start":{"line":7,"column":33},"end":{"line":38,"column":1}},"line":7},"1":{"name":"(anonymous_1)","decl":{"start":{"line":12,"column":14},"end":{"line":12,"column":15}},"loc":{"start":{"line":12,"column":20},"end":{"line":25,"column":5}},"line":12},"2":{"name":"(anonymous_2)","decl":{"start":{"line":13,"column":35},"end":{"line":13,"column":36}},"loc":{"start":{"line":13,"column":41},"end":{"line":15,"column":9}},"line":13},"3":{"name":"(anonymous_3)","decl":{"start":{"line":17,"column":32},"end":{"line":17,"column":33}},"loc":{"start":{"line":17,"column":38},"end":{"line":20,"column":9}},"line":17},"4":{"name":"(anonymous_4)","decl":{"start":{"line":21,"column":15},"end":{"line":21,"column":16}},"loc":{"start":{"line":21,"column":21},"end":{"line":24,"column":9}},"line":21}},"branchMap":{"0":{"loc":{"start":{"line":32,"column":20},"end":{"line":33,"column":22}},"type":"binary-expr","locations":[{"start":{"line":32,"column":20},"end":{"line":32,"column":30}},{"start":{"line":32,"column":34},"end":{"line":33,"column":22}}],"line":32}},"s":{"0":1,"1":1,"2":1,"3":1,"4":0,"5":1,"6":0,"7":1,"8":1,"9":1,"10":1},"f":{"0":1,"1":1,"2":0,"3":0,"4":1},"b":{"0":[1,0]},"_coverageSchema":"1a1c01bbd47fc00a2c39e90264f33305004495a9","hash":"2257e99bf40cbed885fdd6fdbb1e0927b1fc9ea7"}
,"D:\\projects\\chat-app\\app\\screens\\userprofile\\userprofile.tsx": {"path":"D:\\projects\\chat-app\\app\\screens\\userprofile\\userprofile.tsx","statementMap":{"0":{"start":{"line":8,"column":29},"end":{"line":8,"column":38}},"1":{"start":{"line":10,"column":23},"end":{"line":12,"column":5}},"2":{"start":{"line":11,"column":8},"end":{"line":11,"column":33}},"3":{"start":{"line":14,"column":21},"end":{"line":16,"column":5}},"4":{"start":{"line":15,"column":8},"end":{"line":15,"column":25}},"5":{"start":{"line":17,"column":4},"end":{"line":74,"column":5}}},"fnMap":{"0":{"name":"Userprofile","decl":{"start":{"line":6,"column":24},"end":{"line":6,"column":35}},"loc":{"start":{"line":6,"column":38},"end":{"line":75,"column":1}},"line":6},"1":{"name":"(anonymous_1)","decl":{"start":{"line":10,"column":23},"end":{"line":10,"column":24}},"loc":{"start":{"line":10,"column":29},"end":{"line":12,"column":5}},"line":10},"2":{"name":"(anonymous_2)","decl":{"start":{"line":14,"column":21},"end":{"line":14,"column":22}},"loc":{"start":{"line":14,"column":36},"end":{"line":16,"column":5}},"line":14}},"branchMap":{},"s":{"0":0,"1":0,"2":0,"3":0,"4":0,"5":0},"f":{"0":0,"1":0,"2":0},"b":{}}
,"D:\\projects\\chat-app\\app\\tabs\\Calls.tsx": {"path":"D:\\projects\\chat-app\\app\\tabs\\Calls.tsx","statementMap":{"0":{"start":{"line":5,"column":4},"end":{"line":9,"column":5}}},"fnMap":{"0":{"name":"Calls","decl":{"start":{"line":4,"column":24},"end":{"line":4,"column":29}},"loc":{"start":{"line":4,"column":32},"end":{"line":10,"column":1}},"line":4}},"branchMap":{},"s":{"0":0},"f":{"0":0},"b":{}}
,"D:\\projects\\chat-app\\app\\tabs\\_layout.tsx": {"path":"D:\\projects\\chat-app\\app\\tabs\\_layout.tsx","statementMap":{"0":{"start":{"line":8,"column":17},"end":{"line":8,"column":43}},"1":{"start":{"line":9,"column":4},"end":{"line":43,"column":5}},"2":{"start":{"line":13,"column":20},"end":{"line":17,"column":21}},"3":{"start":{"line":23,"column":20},"end":{"line":27,"column":21}},"4":{"start":{"line":33,"column":20},"end":{"line":37,"column":21}}},"fnMap":{"0":{"name":"TabLayout","decl":{"start":{"line":7,"column":24},"end":{"line":7,"column":33}},"loc":{"start":{"line":7,"column":36},"end":{"line":44,"column":1}},"line":7},"1":{"name":"(anonymous_1)","decl":{"start":{"line":12,"column":28},"end":{"line":12,"column":29}},"loc":{"start":{"line":12,"column":49},"end":{"line":18,"column":17}},"line":12},"2":{"name":"(anonymous_2)","decl":{"start":{"line":22,"column":28},"end":{"line":22,"column":29}},"loc":{"start":{"line":22,"column":49},"end":{"line":28,"column":17}},"line":22},"3":{"name":"(anonymous_3)","decl":{"start":{"line":32,"column":28},"end":{"line":32,"column":29}},"loc":{"start":{"line":32,"column":49},"end":{"line":38,"column":17}},"line":32}},"branchMap":{},"s":{"0":0,"1":0,"2":0,"3":0,"4":0},"f":{"0":0,"1":0,"2":0,"3":0},"b":{}}
,"D:\\projects\\chat-app\\app\\tabs\\contact.tsx": {"path":"D:\\projects\\chat-app\\app\\tabs\\contact.tsx","statementMap":{"0":{"start":{"line":5,"column":4},"end":{"line":9,"column":5}}},"fnMap":{"0":{"name":"Contact","decl":{"start":{"line":4,"column":24},"end":{"line":4,"column":31}},"loc":{"start":{"line":4,"column":34},"end":{"line":10,"column":1}},"line":4}},"branchMap":{},"s":{"0":0},"f":{"0":0},"b":{}}
,"D:\\projects\\chat-app\\app\\tabs\\home.tsx": {"path":"D:\\projects\\chat-app\\app\\tabs\\home.tsx","statementMap":{"0":{"start":{"line":6,"column":12},"end":{"line":6,"column":38}},"1":{"start":{"line":9,"column":17},"end":{"line":49,"column":1}},"2":{"start":{"line":53,"column":19},"end":{"line":53,"column":30}},"3":{"start":{"line":54,"column":20},"end":{"line":82,"column":5}},"4":{"start":{"line":85,"column":28},"end":{"line":87,"column":5}},"5":{"start":{"line":88,"column":4},"end":{"line":141,"column":5}},"6":{"start":{"line":96,"column":49},"end":{"line":96,"column":96}},"7":{"start":{"line":105,"column":44},"end":{"line":105,"column":62}},"8":{"start":{"line":106,"column":46},"end":{"line":109,"column":27}},"9":{"start":{"line":119,"column":44},"end":{"line":119,"column":62}},"10":{"start":{"line":121,"column":24},"end":{"line":133,"column":43}},"11":{"start":{"line":123,"column":43},"end":{"line":123,"column":64}}},"fnMap":{"0":{"name":"Home","decl":{"start":{"line":51,"column":24},"end":{"line":51,"column":28}},"loc":{"start":{"line":51,"column":31},"end":{"line":142,"column":1}},"line":51},"1":{"name":"(anonymous_1)","decl":{"start":{"line":85,"column":28},"end":{"line":85,"column":29}},"loc":{"start":{"line":85,"column":43},"end":{"line":87,"column":5}},"line":85},"2":{"name":"(anonymous_2)","decl":{"start":{"line":96,"column":43},"end":{"line":96,"column":44}},"loc":{"start":{"line":96,"column":49},"end":{"line":96,"column":96}},"line":96},"3":{"name":"(anonymous_3)","decl":{"start":{"line":105,"column":34},"end":{"line":105,"column":35}},"loc":{"start":{"line":105,"column":44},"end":{"line":105,"column":62}},"line":105},"4":{"name":"(anonymous_4)","decl":{"start":{"line":106,"column":32},"end":{"line":106,"column":33}},"loc":{"start":{"line":106,"column":46},"end":{"line":109,"column":27}},"line":106},"5":{"name":"(anonymous_5)","decl":{"start":{"line":119,"column":34},"end":{"line":119,"column":35}},"loc":{"start":{"line":119,"column":44},"end":{"line":119,"column":62}},"line":119},"6":{"name":"(anonymous_6)","decl":{"start":{"line":120,"column":32},"end":{"line":120,"column":33}},"loc":{"start":{"line":121,"column":24},"end":{"line":133,"column":43}},"line":121},"7":{"name":"(anonymous_7)","decl":{"start":{"line":123,"column":37},"end":{"line":123,"column":38}},"loc":{"start":{"line":123,"column":43},"end":{"line":123,"column":64}},"line":123}},"branchMap":{},"s":{"0":0,"1":0,"2":0,"3":0,"4":0,"5":0,"6":0,"7":0,"8":0,"9":0,"10":0,"11":0},"f":{"0":0,"1":0,"2":0,"3":0,"4":0,"5":0,"6":0,"7":0},"b":{}}
,"D:\\projects\\chat-app\\app\\tabs\\settings.tsx": {"path":"D:\\projects\\chat-app\\app\\tabs\\settings.tsx","statementMap":{"0":{"start":{"line":5,"column":4},"end":{"line":9,"column":5}}},"fnMap":{"0":{"name":"Settings","decl":{"start":{"line":4,"column":24},"end":{"line":4,"column":32}},"loc":{"start":{"line":4,"column":35},"end":{"line":10,"column":1}},"line":4}},"branchMap":{},"s":{"0":0},"f":{"0":0},"b":{}}
,"D:\\projects\\chat-app\\app\\types\\login.ts": {"path":"D:\\projects\\chat-app\\app\\types\\login.ts","statementMap":{},"fnMap":{},"branchMap":{},"s":{},"f":{},"b":{}}
,"D:\\projects\\chat-app\\app\\types\\signup.ts": {"path":"D:\\projects\\chat-app\\app\\types\\signup.ts","statementMap":{},"fnMap":{},"branchMap":{},"s":{},"f":{},"b":{}}
,"D:\\projects\\chat-app\\app\\utils\\onboarding.ts": {"path":"D:\\projects\\chat-app\\app\\utils\\onboarding.ts","statementMap":{"0":{"start":{"line":1,"column":19},"end":{"line":19,"column":1}}},"fnMap":{},"branchMap":{},"s":{"0":1},"f":{},"b":{},"_coverageSchema":"1a1c01bbd47fc00a2c39e90264f33305004495a9","hash":"992a36ee90e8ec26189676c89d46083ef6ea2345"}
}
